                                                    QUERY PLAN                                                    
------------------------------------------------------------------------------------------------------------------
 Index Scan using lots_index on lots  (cost=0.41..8.43 rows=1 width=43) (actual time=0.028..0.050 rows=4 loops=1)
   Index Cond: ((item_id = 581) AND (game_id = 286))
 Planning Time: 0.256 ms
 Execution Time: 0.082 ms
(4 rows)

